Processed 9976 files. Sample output:
 [('data/MELD.Raw/train_splits/dia0_utt0.mp4', 'data/MELD.Raw/train_splits/audio_visual/dia0_utt0.mp4'), ('data/MELD.Raw/train_splits/dia0_utt1.mp4', 'data/MELD.Raw/train_splits/audio_visual/dia0_utt1.mp4'), ('data/MELD.Raw/train_splits/dia0_utt10.mp4', 'data/MELD.Raw/train_splits/audio_visual/dia0_utt10.mp4'), ('data/MELD.Raw/train_splits/dia0_utt11.mp4', 'data/MELD.Raw/train_splits/audio_visual/dia0_utt11.mp4'), ('data/MELD.Raw/train_splits/dia0_utt12.mp4', 'data/MELD.Raw/train_splits/audio_visual/dia0_utt12.mp4')]
Processed 2745 files. Sample output:
 [('data/MELD.Raw/output_repeated_splits_test/dia0_utt0.mp4', 'data/MELD.Raw/output_repeated_splits_test/audio_visual/dia0_utt0.mp4'), ('data/MELD.Raw/output_repeated_splits_test/dia0_utt1.mp4', 'data/MELD.Raw/output_repeated_splits_test/audio_visual/dia0_utt1.mp4'), ('data/MELD.Raw/output_repeated_splits_test/dia0_utt2.mp4', 'data/MELD.Raw/output_repeated_splits_test/audio_visual/dia0_utt2.mp4'), ('data/MELD.Raw/output_repeated_splits_test/dia100_utt0.mp4', 'data/MELD.Raw/output_repeated_splits_test/audio_visual/dia100_utt0.mp4'), ('data/MELD.Raw/output_repeated_splits_test/dia100_utt1.mp4', 'data/MELD.Raw/output_repeated_splits_test/audio_visual/dia100_utt1.mp4')]
Processed 1110 files. Sample output:
 [('data/MELD.Raw/dev_splits_complete/dia0_utt0.mp4', 'data/MELD.Raw/dev_splits_complete/audio_visual/dia0_utt0.mp4'), ('data/MELD.Raw/dev_splits_complete/dia0_utt1.mp4', 'data/MELD.Raw/dev_splits_complete/audio_visual/dia0_utt1.mp4'), ('data/MELD.Raw/dev_splits_complete/dia100_utt0.mp4', 'data/MELD.Raw/dev_splits_complete/audio_visual/dia100_utt0.mp4'), ('data/MELD.Raw/dev_splits_complete/dia101_utt0.mp4', 'data/MELD.Raw/dev_splits_complete/audio_visual/dia101_utt0.mp4'), ('data/MELD.Raw/dev_splits_complete/dia102_utt0.mp4', 'data/MELD.Raw/dev_splits_complete/audio_visual/dia102_utt0.mp4')]

============================= JOB FEEDBACK =============================

Job ID: 1597379
Cluster: haic
User/Group: ulrat/stud
Account: stud
State: COMPLETED (exit code 0)
Partition: normal
Nodes: 1
Cores per node: 8
Nodelist: haicn1705
CPU Utilized: 09:43:56
CPU Efficiency: 42.26% of 23:01:44 core-walltime
Job Wall-clock time: 02:52:43
Starttime: Sun Jan  4 16:01:32 2026
Endtime: Sun Jan  4 18:54:15 2026
Memory Utilized: 757.45 MB
Memory Efficiency: 0.74% of 100.00 GB (100.00 GB/node)
Energy Consumed: 7007326 Joule / 1946.47944444444 Watthours
Average node power draw: 676.187011483161 Watt
