Processed 9976 files. Sample output:
 [('data/MELD.Raw/train_splits/dia0_utt0.mp4', 'data/MELD.Raw/train_splits/audio_visual/dia0_utt0.mp4'), ('data/MELD.Raw/train_splits/dia0_utt1.mp4', 'data/MELD.Raw/train_splits/audio_visual/dia0_utt1.mp4'), ('data/MELD.Raw/train_splits/dia0_utt10.mp4', 'data/MELD.Raw/train_splits/audio_visual/dia0_utt10.mp4'), ('data/MELD.Raw/train_splits/dia0_utt11.mp4', 'data/MELD.Raw/train_splits/audio_visual/dia0_utt11.mp4'), ('data/MELD.Raw/train_splits/dia0_utt12.mp4', 'data/MELD.Raw/train_splits/audio_visual/dia0_utt12.mp4')]

============================= JOB FEEDBACK =============================

Job ID: 1597326
Cluster: haic
User/Group: ulrat/stud
Account: stud
State: COMPLETED (exit code 0)
Partition: normal
Nodes: 1
Cores per node: 8
Nodelist: haicn1710
CPU Utilized: 07:28:42
CPU Efficiency: 43.47% of 17:12:08 core-walltime
Job Wall-clock time: 02:09:01
Starttime: Sat Jan  3 21:57:42 2026
Endtime: Sun Jan  4 00:06:43 2026
Memory Utilized: 729.96 MB
Memory Efficiency: 0.71% of 100.00 GB (100.00 GB/node)
Energy Consumed: 4999806 Joule / 1388.835 Watthours
Average node power draw: 645.886319596951 Watt
